\BOOKMARK [0][-]{section*.6}{List of Abbreviations}{}% 1
\BOOKMARK [0][-]{chapter.1}{Introduction}{}% 2
\BOOKMARK [1][-]{section.1.1}{Motivation}{chapter.1}% 3
\BOOKMARK [1][-]{section.1.2}{Objective}{chapter.1}% 4
\BOOKMARK [1][-]{section.1.3}{Contributions}{chapter.1}% 5
\BOOKMARK [1][-]{section.1.4}{Publications}{chapter.1}% 6
\BOOKMARK [2][-]{subsection.1.4.1}{First-author Publications}{section.1.4}% 7
\BOOKMARK [2][-]{subsection.1.4.2}{Co-authored Publications}{section.1.4}% 8
\BOOKMARK [1][-]{section.1.5}{Thesis Outline}{chapter.1}% 9
\BOOKMARK [0][-]{chapter.2}{Background}{}% 10
\BOOKMARK [1][-]{section.2.1}{Preliminaries}{chapter.2}% 11
\BOOKMARK [2][-]{subsection.2.1.1}{Notation}{section.2.1}% 12
\BOOKMARK [2][-]{subsection.2.1.2}{Rotations and Poses}{section.2.1}% 13
\BOOKMARK [2][-]{subsection.2.1.3}{Frames}{section.2.1}% 14
\BOOKMARK [1][-]{section.2.2}{Optimisation}{chapter.2}% 15
\BOOKMARK [2][-]{subsection.2.2.1}{Linear Least Squares}{section.2.2}% 16
\BOOKMARK [2][-]{subsection.2.2.2}{Non-linear Least Squares}{section.2.2}% 17
\BOOKMARK [1][-]{section.2.3}{Platforms and Sensors}{chapter.2}% 18
\BOOKMARK [2][-]{subsection.2.3.1}{Cameras}{section.2.3}% 19
\BOOKMARK [2][-]{subsection.2.3.2}{LiDAR}{section.2.3}% 20
\BOOKMARK [2][-]{subsection.2.3.3}{Proprioceptive Sensing}{section.2.3}% 21
\BOOKMARK [2][-]{subsection.2.3.4}{Legged Robots}{section.2.3}% 22
\BOOKMARK [1][-]{section.2.4}{Algorithms for Robot Navigation}{chapter.2}% 23
\BOOKMARK [2][-]{subsection.2.4.1}{State Estimation}{section.2.4}% 24
\BOOKMARK [2][-]{subsection.2.4.2}{Local Planning}{section.2.4}% 25
\BOOKMARK [2][-]{subsection.2.4.3}{Locomotion Control}{section.2.4}% 26
\BOOKMARK [2][-]{subsection.2.4.4}{Mission Planning}{section.2.4}% 27
\BOOKMARK [0][-]{chapter.3}{Literature Review}{}% 28
\BOOKMARK [1][-]{section.3.1}{Localisation and Mapping}{chapter.3}% 29
\BOOKMARK [2][-]{subsection.3.1.1}{Metric}{section.3.1}% 30
\BOOKMARK [2][-]{subsection.3.1.2}{Topological}{section.3.1}% 31
\BOOKMARK [2][-]{subsection.3.1.3}{Topo-metric}{section.3.1}% 32
\BOOKMARK [1][-]{section.3.2}{Local Planning}{chapter.3}% 33
\BOOKMARK [2][-]{subsection.3.2.1}{Classical}{section.3.2}% 34
\BOOKMARK [2][-]{subsection.3.2.2}{Hybrid}{section.3.2}% 35
\BOOKMARK [2][-]{subsection.3.2.3}{End-to-end}{section.3.2}% 36
\BOOKMARK [1][-]{section.3.3}{Traversability Estimation}{chapter.3}% 37
\BOOKMARK [2][-]{subsection.3.3.1}{Geometry}{section.3.3}% 38
\BOOKMARK [2][-]{subsection.3.3.2}{Semantics}{section.3.3}% 39
\BOOKMARK [2][-]{subsection.3.3.3}{Self-supervised}{section.3.3}% 40
\BOOKMARK [2][-]{subsection.3.3.4}{Anomaly Detection}{section.3.3}% 41
\BOOKMARK [2][-]{subsection.3.3.5}{Learning from Demonstrations}{section.3.3}% 42
\BOOKMARK [1][-]{section.3.4}{Real-world Deployment of Legged Robots}{chapter.3}% 43
\BOOKMARK [2][-]{subsection.3.4.1}{Competitions}{section.3.4}% 44
\BOOKMARK [2][-]{subsection.3.4.2}{Industrial Deployments}{section.3.4}% 45
\BOOKMARK [2][-]{subsection.3.4.3}{Natural Deployments}{section.3.4}% 46
\BOOKMARK [1][-]{section.3.5}{Conclusion}{chapter.3}% 47
\BOOKMARK [0][-]{chapter.4}{Multi-camera Visual Localisation}{}% 48
\BOOKMARK [1][-]{section.4.1}{Learning Camera Performance Models for Active Multi-Camera Visual Teach and Repeat }{chapter.4}% 49
\BOOKMARK [1][-]{section.4.2}{Discussion}{chapter.4}% 50
\BOOKMARK [0][-]{chapter.5}{Reactive Local Planning}{}% 51
\BOOKMARK [1][-]{section.5.1}{An Efficient Locally Reactive Controller for Safe Navigation in Visual Teach and Repeat Missions}{chapter.5}% 52
\BOOKMARK [1][-]{section.5.2}{Additional Remarks}{chapter.5}% 53
\BOOKMARK [2][-]{subsection.5.2.1}{Computation of Pullbacks}{section.5.2}% 54
\BOOKMARK [1][-]{section.5.3}{Discussion}{chapter.5}% 55
\BOOKMARK [0][-]{chapter.6}{Online Traversability Learning}{}% 56
\BOOKMARK [1][-]{section.6.1}{Fast Traversability Estimation for Wild Visual Navigation}{chapter.6}% 57
\BOOKMARK [1][-]{section.6.2}{Additional Remarks}{chapter.6}% 58
\BOOKMARK [2][-]{subsection.6.2.1}{On Positive and Negative Samples}{section.6.2}% 59
\BOOKMARK [2][-]{subsection.6.2.2}{Adaptation Speed vs Dataset Size}{section.6.2}% 60
\BOOKMARK [2][-]{subsection.6.2.3}{Onboard System Performance}{section.6.2}% 61
\BOOKMARK [1][-]{section.6.3}{Discussion}{chapter.6}% 62
\BOOKMARK [0][-]{chapter.7}{Autonomous Forest Inventory with Legged Robots}{}% 63
\BOOKMARK [1][-]{section.7.1}{Contributions}{chapter.7}% 64
\BOOKMARK [1][-]{section.7.2}{Related Work}{chapter.7}% 65
\BOOKMARK [2][-]{subsection.7.2.1}{Forest Inventory Methods}{section.7.2}% 66
\BOOKMARK [2][-]{subsection.7.2.2}{Robotics-enabled Forestry}{section.7.2}% 67
\BOOKMARK [1][-]{section.7.3}{Autonomous Legged Forester Robot}{chapter.7}% 68
\BOOKMARK [2][-]{subsection.7.3.1}{System overview}{section.7.3}% 69
\BOOKMARK [2][-]{subsection.7.3.2}{State Estimation}{section.7.3}% 70
\BOOKMARK [2][-]{subsection.7.3.3}{Autonomy System}{section.7.3}% 71
\BOOKMARK [2][-]{subsection.7.3.4}{Forest Analysis}{section.7.3}% 72
\BOOKMARK [1][-]{section.7.4}{Results}{chapter.7}% 73
\BOOKMARK [2][-]{subsection.7.4.1}{Campaign Overview}{section.7.4}% 74
\BOOKMARK [2][-]{subsection.7.4.2}{Autonomous Deployments}{section.7.4}% 75
\BOOKMARK [2][-]{subsection.7.4.3}{Forest Analysis}{section.7.4}% 76
\BOOKMARK [1][-]{section.7.5}{Discussion}{chapter.7}% 77
\BOOKMARK [1][-]{section.7.6}{Conclusion}{chapter.7}% 78
\BOOKMARK [0][-]{chapter.8}{Conclusion}{}% 79
\BOOKMARK [1][-]{section.8.1}{Achievements and Limitations}{chapter.8}% 80
\BOOKMARK [1][-]{section.8.2}{Lessons Learned}{chapter.8}% 81
\BOOKMARK [1][-]{section.8.3}{Future Directions}{chapter.8}% 82
\BOOKMARK [0][-]{appendix.A}{Other contributions}{}% 83
\BOOKMARK [0][-]{appendix.B}{Autonomous Legged Forester Robot: Additional Plots}{}% 84
\BOOKMARK [1][-]{section.B.1}{Speed Profiles}{appendix.B}% 85
\BOOKMARK [0][-]{appendix*.154}{References}{}% 86
